[debug] [2024-09-24T10:34:14.130Z] ----------------------------------------------------------------------
[debug] [2024-09-24T10:34:14.134Z] Command:       C:\Program Files\nodejs\node.exe C:\Program Files\nodejs\node_modules\firebase-tools\lib\bin\firebase.js emulators:start --only functions
[debug] [2024-09-24T10:34:14.134Z] CLI Version:   13.19.0
[debug] [2024-09-24T10:34:14.135Z] Platform:      win32
[debug] [2024-09-24T10:34:14.135Z] Node Version:  v20.0.0
[debug] [2024-09-24T10:34:14.135Z] Time:          Tue Sep 24 2024 13:34:14 GMT+0300 (Eastern European Summer Time)
[debug] [2024-09-24T10:34:14.135Z] ----------------------------------------------------------------------
[debug] 
[debug] [2024-09-24T10:34:14.305Z] > command requires scopes: ["email","openid","https://www.googleapis.com/auth/cloudplatformprojects.readonly","https://www.googleapis.com/auth/firebase","https://www.googleapis.com/auth/cloud-platform"]
[debug] [2024-09-24T10:34:14.306Z] > authorizing via signed-in user (hala.salah1232@gmail.com)
[info] i  emulators: Starting emulators: functions {"metadata":{"emulator":{"name":"hub"},"message":"Starting emulators: functions"}}
[debug] [2024-09-24T10:34:14.319Z] [logging] Logging Emulator only supports listening on one address (127.0.0.1). Not listening on ::1
[debug] [2024-09-24T10:34:14.320Z] assigned listening specs for emulators {"user":{"hub":[{"address":"127.0.0.1","family":"IPv4","port":4400},{"address":"::1","family":"IPv6","port":4400}],"ui":[{"address":"127.0.0.1","family":"IPv4","port":4000},{"address":"::1","family":"IPv6","port":4000}],"logging":[{"address":"127.0.0.1","family":"IPv4","port":4500}]},"metadata":{"message":"assigned listening specs for emulators"}}
[debug] [2024-09-24T10:34:14.327Z] [hub] writing locator at C:\Users\halas\AppData\Local\Temp\hub-e-clone-a3e0f.json
[debug] [2024-09-24T10:34:14.353Z] [functions] Functions Emulator only supports listening on one address (127.0.0.1). Not listening on ::1
[debug] [2024-09-24T10:34:14.354Z] [eventarc] Eventarc Emulator only supports listening on one address (127.0.0.1). Not listening on ::1
[debug] [2024-09-24T10:34:14.354Z] [tasks] Cloud Tasks Emulator only supports listening on one address (127.0.0.1). Not listening on ::1
[debug] [2024-09-24T10:34:14.354Z] late-assigned ports for functions and eventarc emulators {"user":{"hub":[{"address":"127.0.0.1","family":"IPv4","port":4400},{"address":"::1","family":"IPv6","port":4400}],"ui":[{"address":"127.0.0.1","family":"IPv4","port":4000},{"address":"::1","family":"IPv6","port":4000}],"logging":[{"address":"127.0.0.1","family":"IPv4","port":4500}],"functions":[{"address":"127.0.0.1","family":"IPv4","port":5001}],"eventarc":[{"address":"127.0.0.1","family":"IPv4","port":9299}],"tasks":[{"address":"127.0.0.1","family":"IPv4","port":9499}]},"metadata":{"message":"late-assigned ports for functions and eventarc emulators"}}
[warn] !  functions: The following emulators are not running, calls to these services from the Functions emulator will affect production: auth, firestore, database, hosting, pubsub, storage, dataconnect {"metadata":{"emulator":{"name":"functions"},"message":"The following emulators are not running, calls to these services from the Functions emulator will affect production: \u001b[1mauth, firestore, database, hosting, pubsub, storage, dataconnect\u001b[22m"}}
[debug] [2024-09-24T10:34:14.358Z] defaultcredentials: writing to file C:\Users\halas\AppData\Roaming\firebase\hala_salah1232_gmail.com_application_default_credentials.json
[debug] [2024-09-24T10:34:14.361Z] Setting GAC to C:\Users\halas\AppData\Roaming\firebase\hala_salah1232_gmail.com_application_default_credentials.json {"metadata":{"emulator":{"name":"functions"},"message":"Setting GAC to C:\\Users\\halas\\AppData\\Roaming\\firebase\\hala_salah1232_gmail.com_application_default_credentials.json"}}
[debug] [2024-09-24T10:34:14.364Z] >>> [apiv2][query] GET https://firebase.googleapis.com/v1beta1/projects/e-clone-a3e0f/adminSdkConfig [none]
[debug] [2024-09-24T10:34:16.678Z] <<< [apiv2][status] GET https://firebase.googleapis.com/v1beta1/projects/e-clone-a3e0f/adminSdkConfig 200
[debug] [2024-09-24T10:34:16.678Z] <<< [apiv2][body] GET https://firebase.googleapis.com/v1beta1/projects/e-clone-a3e0f/adminSdkConfig {"projectId":"e-clone-a3e0f","storageBucket":"e-clone-a3e0f.appspot.com"}
[info] i  ui: downloading ui-v1.13.0.zip... {"metadata":{"emulator":{"name":"ui"},"message":"downloading ui-v1.13.0.zip..."}}
[debug] [2024-09-24T10:34:16.710Z] >>> [apiv2][query] GET https://storage.googleapis.com/firebase-preview-drop/emulator/ui-v1.13.0.zip 
[debug] [2024-09-24T10:34:17.940Z] <<< [apiv2][status] GET https://storage.googleapis.com/firebase-preview-drop/emulator/ui-v1.13.0.zip 200
[debug] [2024-09-24T10:34:17.940Z] <<< [apiv2][body] GET https://storage.googleapis.com/firebase-preview-drop/emulator/ui-v1.13.0.zip [stream]
[debug] [2024-09-24T10:34:18.419Z] Data is 3605485
[debug] [2024-09-24T10:34:18.419Z] [unzip] Entry: client/ (compressed_size=0 bytes, uncompressed_size=0 bytes)
[debug] [2024-09-24T10:34:18.419Z] [unzip] Processing entry: client\
[debug] [2024-09-24T10:34:18.419Z] [unzip] mkdir: C:\Users\halas\.cache\firebase\emulators\ui-v1.13.0\client\
[debug] [2024-09-24T10:34:18.420Z] [unzip] Entry: client/favicon-16x16.png (compressed_size=293 bytes, uncompressed_size=293 bytes)
[debug] [2024-09-24T10:34:18.420Z] [unzip] Processing entry: client\favicon-16x16.png
[debug] [2024-09-24T10:34:18.420Z] [unzip] else mkdir: C:\Users\halas\.cache\firebase\emulators\ui-v1.13.0\client
[debug] [2024-09-24T10:34:18.421Z] [unzip] Writing file: C:\Users\halas\.cache\firebase\emulators\ui-v1.13.0\client\favicon-16x16.png
[debug] [2024-09-24T10:34:18.422Z] [unzip] Entry: client/safari-pinned-tab.svg (compressed_size=1433 bytes, uncompressed_size=2611 bytes)
[debug] [2024-09-24T10:34:18.422Z] [unzip] Processing entry: client\safari-pinned-tab.svg
[debug] [2024-09-24T10:34:18.422Z] [unzip] else mkdir: C:\Users\halas\.cache\firebase\emulators\ui-v1.13.0\client
[debug] [2024-09-24T10:34:18.423Z] [unzip] deflating: C:\Users\halas\.cache\firebase\emulators\ui-v1.13.0\client\safari-pinned-tab.svg
[debug] [2024-09-24T10:34:18.428Z] [unzip] Entry: client/favicon.ico (compressed_size=2933 bytes, uncompressed_size=13294 bytes)
[debug] [2024-09-24T10:34:18.428Z] [unzip] Processing entry: client\favicon.ico
[debug] [2024-09-24T10:34:18.428Z] [unzip] else mkdir: C:\Users\halas\.cache\firebase\emulators\ui-v1.13.0\client
[debug] [2024-09-24T10:34:18.429Z] [unzip] deflating: C:\Users\halas\.cache\firebase\emulators\ui-v1.13.0\client\favicon.ico
[debug] [2024-09-24T10:34:18.430Z] [unzip] Entry: client/index.html (compressed_size=1361 bytes, uncompressed_size=3071 bytes)
[debug] [2024-09-24T10:34:18.430Z] [unzip] Processing entry: client\index.html
[debug] [2024-09-24T10:34:18.430Z] [unzip] else mkdir: C:\Users\halas\.cache\firebase\emulators\ui-v1.13.0\client
[debug] [2024-09-24T10:34:18.431Z] [unzip] deflating: C:\Users\halas\.cache\firebase\emulators\ui-v1.13.0\client\index.html
[debug] [2024-09-24T10:34:18.432Z] [unzip] Entry: client/android-chrome-192x192.png (compressed_size=2684 bytes, uncompressed_size=2684 bytes)
[debug] [2024-09-24T10:34:18.432Z] [unzip] Processing entry: client\android-chrome-192x192.png
[debug] [2024-09-24T10:34:18.432Z] [unzip] else mkdir: C:\Users\halas\.cache\firebase\emulators\ui-v1.13.0\client
[debug] [2024-09-24T10:34:18.433Z] [unzip] Writing file: C:\Users\halas\.cache\firebase\emulators\ui-v1.13.0\client\android-chrome-192x192.png
[debug] [2024-09-24T10:34:18.434Z] [unzip] Entry: client/apple-touch-icon.png (compressed_size=2123 bytes, uncompressed_size=2152 bytes)
[debug] [2024-09-24T10:34:18.434Z] [unzip] Processing entry: client\apple-touch-icon.png
[debug] [2024-09-24T10:34:18.434Z] [unzip] else mkdir: C:\Users\halas\.cache\firebase\emulators\ui-v1.13.0\client
[debug] [2024-09-24T10:34:18.434Z] [unzip] deflating: C:\Users\halas\.cache\firebase\emulators\ui-v1.13.0\client\apple-touch-icon.png
[debug] [2024-09-24T10:34:18.436Z] [unzip] Entry: client/android-chrome-512x512.png (compressed_size=5369 bytes, uncompressed_size=5411 bytes)
[debug] [2024-09-24T10:34:18.436Z] [unzip] Processing entry: client\android-chrome-512x512.png
[debug] [2024-09-24T10:34:18.436Z] [unzip] else mkdir: C:\Users\halas\.cache\firebase\emulators\ui-v1.13.0\client
[debug] [2024-09-24T10:34:18.436Z] [unzip] deflating: C:\Users\halas\.cache\firebase\emulators\ui-v1.13.0\client\android-chrome-512x512.png
[debug] [2024-09-24T10:34:18.438Z] [unzip] Entry: client/manifest.json (compressed_size=245 bytes, uncompressed_size=551 bytes)
[debug] [2024-09-24T10:34:18.438Z] [unzip] Processing entry: client\manifest.json
[debug] [2024-09-24T10:34:18.438Z] [unzip] else mkdir: C:\Users\halas\.cache\firebase\emulators\ui-v1.13.0\client
[debug] [2024-09-24T10:34:18.438Z] [unzip] deflating: C:\Users\halas\.cache\firebase\emulators\ui-v1.13.0\client\manifest.json
[debug] [2024-09-24T10:34:18.440Z] [unzip] Entry: client/robots.txt (compressed_size=26 bytes, uncompressed_size=26 bytes)
[debug] [2024-09-24T10:34:18.440Z] [unzip] Processing entry: client\robots.txt
[debug] [2024-09-24T10:34:18.440Z] [unzip] else mkdir: C:\Users\halas\.cache\firebase\emulators\ui-v1.13.0\client
[debug] [2024-09-24T10:34:18.441Z] [unzip] Writing file: C:\Users\halas\.cache\firebase\emulators\ui-v1.13.0\client\robots.txt
[debug] [2024-09-24T10:34:18.442Z] [unzip] Entry: client/mstile-150x150.png (compressed_size=2034 bytes, uncompressed_size=2034 bytes)
[debug] [2024-09-24T10:34:18.442Z] [unzip] Processing entry: client\mstile-150x150.png
[debug] [2024-09-24T10:34:18.442Z] [unzip] else mkdir: C:\Users\halas\.cache\firebase\emulators\ui-v1.13.0\client
[debug] [2024-09-24T10:34:18.443Z] [unzip] Writing file: C:\Users\halas\.cache\firebase\emulators\ui-v1.13.0\client\mstile-150x150.png
[debug] [2024-09-24T10:34:18.444Z] [unzip] Entry: client/assets/ (compressed_size=0 bytes, uncompressed_size=0 bytes)
[debug] [2024-09-24T10:34:18.444Z] [unzip] Processing entry: client\assets\
[debug] [2024-09-24T10:34:18.444Z] [unzip] mkdir: C:\Users\halas\.cache\firebase\emulators\ui-v1.13.0\client\assets\
[debug] [2024-09-24T10:34:18.444Z] [unzip] Entry: client/assets/index-I-mhtQda.js.map (compressed_size=2322562 bytes, uncompressed_size=9922747 bytes)
[debug] [2024-09-24T10:34:18.445Z] [unzip] Processing entry: client\assets\index-I-mhtQda.js.map
[debug] [2024-09-24T10:34:18.445Z] [unzip] else mkdir: C:\Users\halas\.cache\firebase\emulators\ui-v1.13.0\client\assets
[debug] [2024-09-24T10:34:18.445Z] [unzip] deflating: C:\Users\halas\.cache\firebase\emulators\ui-v1.13.0\client\assets\index-I-mhtQda.js.map
[debug] [2024-09-24T10:34:18.514Z] [unzip] Entry: client/assets/index-BdgySamB.css (compressed_size=35979 bytes, uncompressed_size=298654 bytes)
[debug] [2024-09-24T10:34:18.514Z] [unzip] Processing entry: client\assets\index-BdgySamB.css
[debug] [2024-09-24T10:34:18.514Z] [unzip] else mkdir: C:\Users\halas\.cache\firebase\emulators\ui-v1.13.0\client\assets
[debug] [2024-09-24T10:34:18.514Z] [unzip] deflating: C:\Users\halas\.cache\firebase\emulators\ui-v1.13.0\client\assets\index-BdgySamB.css
[debug] [2024-09-24T10:34:18.517Z] [unzip] Entry: client/assets/index-I-mhtQda.js (compressed_size=565968 bytes, uncompressed_size=2030855 bytes)
[debug] [2024-09-24T10:34:18.517Z] [unzip] Processing entry: client\assets\index-I-mhtQda.js
[debug] [2024-09-24T10:34:18.517Z] [unzip] else mkdir: C:\Users\halas\.cache\firebase\emulators\ui-v1.13.0\client\assets
[debug] [2024-09-24T10:34:18.517Z] [unzip] deflating: C:\Users\halas\.cache\firebase\emulators\ui-v1.13.0\client\assets\index-I-mhtQda.js
[debug] [2024-09-24T10:34:18.532Z] [unzip] Entry: client/assets/extensions/ (compressed_size=0 bytes, uncompressed_size=0 bytes)
[debug] [2024-09-24T10:34:18.532Z] [unzip] Processing entry: client\assets\extensions\
[debug] [2024-09-24T10:34:18.532Z] [unzip] mkdir: C:\Users\halas\.cache\firebase\emulators\ui-v1.13.0\client\assets\extensions\
[debug] [2024-09-24T10:34:18.532Z] [unzip] Entry: client/assets/extensions/default-extension.png (compressed_size=1646 bytes, uncompressed_size=1657 bytes)
[debug] [2024-09-24T10:34:18.533Z] [unzip] Processing entry: client\assets\extensions\default-extension.png
[debug] [2024-09-24T10:34:18.533Z] [unzip] else mkdir: C:\Users\halas\.cache\firebase\emulators\ui-v1.13.0\client\assets\extensions
[debug] [2024-09-24T10:34:18.533Z] [unzip] deflating: C:\Users\halas\.cache\firebase\emulators\ui-v1.13.0\client\assets\extensions\default-extension.png
[debug] [2024-09-24T10:34:18.534Z] [unzip] Entry: client/assets/img/ (compressed_size=0 bytes, uncompressed_size=0 bytes)
[debug] [2024-09-24T10:34:18.534Z] [unzip] Processing entry: client\assets\img\
[debug] [2024-09-24T10:34:18.534Z] [unzip] mkdir: C:\Users\halas\.cache\firebase\emulators\ui-v1.13.0\client\assets\img\
[debug] [2024-09-24T10:34:18.535Z] [unzip] Entry: client/assets/img/database.png (compressed_size=29449 bytes, uncompressed_size=29988 bytes)
[debug] [2024-09-24T10:34:18.535Z] [unzip] Processing entry: client\assets\img\database.png
[debug] [2024-09-24T10:34:18.535Z] [unzip] else mkdir: C:\Users\halas\.cache\firebase\emulators\ui-v1.13.0\client\assets\img
[debug] [2024-09-24T10:34:18.535Z] [unzip] deflating: C:\Users\halas\.cache\firebase\emulators\ui-v1.13.0\client\assets\img\database.png
[debug] [2024-09-24T10:34:18.537Z] [unzip] Entry: client/assets/provider-icons/ (compressed_size=0 bytes, uncompressed_size=0 bytes)
[debug] [2024-09-24T10:34:18.537Z] [unzip] Processing entry: client\assets\provider-icons\
[debug] [2024-09-24T10:34:18.537Z] [unzip] mkdir: C:\Users\halas\.cache\firebase\emulators\ui-v1.13.0\client\assets\provider-icons\
[debug] [2024-09-24T10:34:18.537Z] [unzip] Entry: client/assets/provider-icons/auth_service_saml.svg (compressed_size=575 bytes, uncompressed_size=1226 bytes)
[debug] [2024-09-24T10:34:18.537Z] [unzip] Processing entry: client\assets\provider-icons\auth_service_saml.svg
[debug] [2024-09-24T10:34:18.537Z] [unzip] else mkdir: C:\Users\halas\.cache\firebase\emulators\ui-v1.13.0\client\assets\provider-icons
[debug] [2024-09-24T10:34:18.538Z] [unzip] deflating: C:\Users\halas\.cache\firebase\emulators\ui-v1.13.0\client\assets\provider-icons\auth_service_saml.svg
[debug] [2024-09-24T10:34:18.539Z] [unzip] Entry: client/assets/provider-icons/auth_service_phone.svg (compressed_size=261 bytes, uncompressed_size=414 bytes)
[debug] [2024-09-24T10:34:18.539Z] [unzip] Processing entry: client\assets\provider-icons\auth_service_phone.svg
[debug] [2024-09-24T10:34:18.539Z] [unzip] else mkdir: C:\Users\halas\.cache\firebase\emulators\ui-v1.13.0\client\assets\provider-icons
[debug] [2024-09-24T10:34:18.540Z] [unzip] deflating: C:\Users\halas\.cache\firebase\emulators\ui-v1.13.0\client\assets\provider-icons\auth_service_phone.svg
[debug] [2024-09-24T10:34:18.541Z] [unzip] Entry: client/assets/provider-icons/auth_service_facebook.svg (compressed_size=289 bytes, uncompressed_size=457 bytes)
[debug] [2024-09-24T10:34:18.541Z] [unzip] Processing entry: client\assets\provider-icons\auth_service_facebook.svg
[debug] [2024-09-24T10:34:18.541Z] [unzip] else mkdir: C:\Users\halas\.cache\firebase\emulators\ui-v1.13.0\client\assets\provider-icons
[debug] [2024-09-24T10:34:18.542Z] [unzip] deflating: C:\Users\halas\.cache\firebase\emulators\ui-v1.13.0\client\assets\provider-icons\auth_service_facebook.svg
[debug] [2024-09-24T10:34:18.543Z] [unzip] Entry: client/assets/provider-icons/auth_service_game_center.svg (compressed_size=991 bytes, uncompressed_size=3921 bytes)
[debug] [2024-09-24T10:34:18.543Z] [unzip] Processing entry: client\assets\provider-icons\auth_service_game_center.svg
[debug] [2024-09-24T10:34:18.544Z] [unzip] else mkdir: C:\Users\halas\.cache\firebase\emulators\ui-v1.13.0\client\assets\provider-icons
[debug] [2024-09-24T10:34:18.544Z] [unzip] deflating: C:\Users\halas\.cache\firebase\emulators\ui-v1.13.0\client\assets\provider-icons\auth_service_game_center.svg
[debug] [2024-09-24T10:34:18.545Z] [unzip] Entry: client/assets/provider-icons/auth_service_apple.svg (compressed_size=230 bytes, uncompressed_size=334 bytes)
[debug] [2024-09-24T10:34:18.545Z] [unzip] Processing entry: client\assets\provider-icons\auth_service_apple.svg
[debug] [2024-09-24T10:34:18.545Z] [unzip] else mkdir: C:\Users\halas\.cache\firebase\emulators\ui-v1.13.0\client\assets\provider-icons
[debug] [2024-09-24T10:34:18.546Z] [unzip] deflating: C:\Users\halas\.cache\firebase\emulators\ui-v1.13.0\client\assets\provider-icons\auth_service_apple.svg
[debug] [2024-09-24T10:34:18.547Z] [unzip] Entry: client/assets/provider-icons/auth_service_github.svg (compressed_size=466 bytes, uncompressed_size=838 bytes)
[debug] [2024-09-24T10:34:18.547Z] [unzip] Processing entry: client\assets\provider-icons\auth_service_github.svg
[debug] [2024-09-24T10:34:18.547Z] [unzip] else mkdir: C:\Users\halas\.cache\firebase\emulators\ui-v1.13.0\client\assets\provider-icons
[debug] [2024-09-24T10:34:18.548Z] [unzip] deflating: C:\Users\halas\.cache\firebase\emulators\ui-v1.13.0\client\assets\provider-icons\auth_service_github.svg
[debug] [2024-09-24T10:34:18.549Z] [unzip] Entry: client/assets/provider-icons/auth_service_mslive.svg (compressed_size=203 bytes, uncompressed_size=378 bytes)
[debug] [2024-09-24T10:34:18.549Z] [unzip] Processing entry: client\assets\provider-icons\auth_service_mslive.svg
[debug] [2024-09-24T10:34:18.550Z] [unzip] else mkdir: C:\Users\halas\.cache\firebase\emulators\ui-v1.13.0\client\assets\provider-icons
[debug] [2024-09-24T10:34:18.550Z] [unzip] deflating: C:\Users\halas\.cache\firebase\emulators\ui-v1.13.0\client\assets\provider-icons\auth_service_mslive.svg
[debug] [2024-09-24T10:34:18.551Z] [unzip] Entry: client/assets/provider-icons/auth_service_yahoo.svg (compressed_size=577 bytes, uncompressed_size=1182 bytes)
[debug] [2024-09-24T10:34:18.552Z] [unzip] Processing entry: client\assets\provider-icons\auth_service_yahoo.svg
[debug] [2024-09-24T10:34:18.552Z] [unzip] else mkdir: C:\Users\halas\.cache\firebase\emulators\ui-v1.13.0\client\assets\provider-icons
[debug] [2024-09-24T10:34:18.552Z] [unzip] deflating: C:\Users\halas\.cache\firebase\emulators\ui-v1.13.0\client\assets\provider-icons\auth_service_yahoo.svg
[debug] [2024-09-24T10:34:18.553Z] [unzip] Entry: client/assets/provider-icons/auth_service_twitter.svg (compressed_size=444 bytes, uncompressed_size=751 bytes)
[debug] [2024-09-24T10:34:18.554Z] [unzip] Processing entry: client\assets\provider-icons\auth_service_twitter.svg
[debug] [2024-09-24T10:34:18.554Z] [unzip] else mkdir: C:\Users\halas\.cache\firebase\emulators\ui-v1.13.0\client\assets\provider-icons
[debug] [2024-09-24T10:34:18.554Z] [unzip] deflating: C:\Users\halas\.cache\firebase\emulators\ui-v1.13.0\client\assets\provider-icons\auth_service_twitter.svg
[debug] [2024-09-24T10:34:18.555Z] [unzip] Entry: client/assets/provider-icons/auth_service_play_games.svg (compressed_size=565 bytes, uncompressed_size=1173 bytes)
[debug] [2024-09-24T10:34:18.555Z] [unzip] Processing entry: client\assets\provider-icons\auth_service_play_games.svg
[debug] [2024-09-24T10:34:18.556Z] [unzip] else mkdir: C:\Users\halas\.cache\firebase\emulators\ui-v1.13.0\client\assets\provider-icons
[debug] [2024-09-24T10:34:18.556Z] [unzip] deflating: C:\Users\halas\.cache\firebase\emulators\ui-v1.13.0\client\assets\provider-icons\auth_service_play_games.svg
[debug] [2024-09-24T10:34:18.558Z] [unzip] Entry: client/assets/provider-icons/auth_service_email.svg (compressed_size=228 bytes, uncompressed_size=326 bytes)
[debug] [2024-09-24T10:34:18.558Z] [unzip] Processing entry: client\assets\provider-icons\auth_service_email.svg
[debug] [2024-09-24T10:34:18.559Z] [unzip] else mkdir: C:\Users\halas\.cache\firebase\emulators\ui-v1.13.0\client\assets\provider-icons
[debug] [2024-09-24T10:34:18.559Z] [unzip] deflating: C:\Users\halas\.cache\firebase\emulators\ui-v1.13.0\client\assets\provider-icons\auth_service_email.svg
[debug] [2024-09-24T10:34:18.560Z] [unzip] Entry: client/assets/provider-icons/auth_service_google.svg (compressed_size=409 bytes, uncompressed_size=720 bytes)
[debug] [2024-09-24T10:34:18.561Z] [unzip] Processing entry: client\assets\provider-icons\auth_service_google.svg
[debug] [2024-09-24T10:34:18.561Z] [unzip] else mkdir: C:\Users\halas\.cache\firebase\emulators\ui-v1.13.0\client\assets\provider-icons
[debug] [2024-09-24T10:34:18.561Z] [unzip] deflating: C:\Users\halas\.cache\firebase\emulators\ui-v1.13.0\client\assets\provider-icons\auth_service_google.svg
[debug] [2024-09-24T10:34:18.562Z] [unzip] Entry: client/assets/provider-icons/auth_service_oidc.svg (compressed_size=414 bytes, uncompressed_size=858 bytes)
[debug] [2024-09-24T10:34:18.562Z] [unzip] Processing entry: client\assets\provider-icons\auth_service_oidc.svg
[debug] [2024-09-24T10:34:18.562Z] [unzip] else mkdir: C:\Users\halas\.cache\firebase\emulators\ui-v1.13.0\client\assets\provider-icons
[debug] [2024-09-24T10:34:18.563Z] [unzip] deflating: C:\Users\halas\.cache\firebase\emulators\ui-v1.13.0\client\assets\provider-icons\auth_service_oidc.svg
[debug] [2024-09-24T10:34:18.564Z] [unzip] Entry: client/browserconfig.xml (compressed_size=491 bytes, uncompressed_size=822 bytes)
[debug] [2024-09-24T10:34:18.564Z] [unzip] Processing entry: client\browserconfig.xml
[debug] [2024-09-24T10:34:18.564Z] [unzip] else mkdir: C:\Users\halas\.cache\firebase\emulators\ui-v1.13.0\client
[debug] [2024-09-24T10:34:18.565Z] [unzip] deflating: C:\Users\halas\.cache\firebase\emulators\ui-v1.13.0\client\browserconfig.xml
[debug] [2024-09-24T10:34:18.567Z] [unzip] Entry: client/favicon-32x32.png (compressed_size=475 bytes, uncompressed_size=475 bytes)
[debug] [2024-09-24T10:34:18.567Z] [unzip] Processing entry: client\favicon-32x32.png
[debug] [2024-09-24T10:34:18.567Z] [unzip] else mkdir: C:\Users\halas\.cache\firebase\emulators\ui-v1.13.0\client
[debug] [2024-09-24T10:34:18.568Z] [unzip] Writing file: C:\Users\halas\.cache\firebase\emulators\ui-v1.13.0\client\favicon-32x32.png
[debug] [2024-09-24T10:34:18.569Z] [unzip] Entry: server/ (compressed_size=0 bytes, uncompressed_size=0 bytes)
[debug] [2024-09-24T10:34:18.569Z] [unzip] Processing entry: server\
[debug] [2024-09-24T10:34:18.569Z] [unzip] mkdir: C:\Users\halas\.cache\firebase\emulators\ui-v1.13.0\server\
[debug] [2024-09-24T10:34:18.569Z] [unzip] Entry: server/server.mjs.map (compressed_size=294629 bytes, uncompressed_size=1346672 bytes)
[debug] [2024-09-24T10:34:18.569Z] [unzip] Processing entry: server\server.mjs.map
[debug] [2024-09-24T10:34:18.570Z] [unzip] else mkdir: C:\Users\halas\.cache\firebase\emulators\ui-v1.13.0\server
[debug] [2024-09-24T10:34:18.570Z] [unzip] deflating: C:\Users\halas\.cache\firebase\emulators\ui-v1.13.0\server\server.mjs.map
[debug] [2024-09-24T10:34:18.579Z] [unzip] Entry: server/server.mjs (compressed_size=314679 bytes, uncompressed_size=1167517 bytes)
[debug] [2024-09-24T10:34:18.579Z] [unzip] Processing entry: server\server.mjs
[debug] [2024-09-24T10:34:18.579Z] [unzip] else mkdir: C:\Users\halas\.cache\firebase\emulators\ui-v1.13.0\server
[debug] [2024-09-24T10:34:18.579Z] [unzip] deflating: C:\Users\halas\.cache\firebase\emulators\ui-v1.13.0\server\server.mjs
[debug] [2024-09-24T10:34:18.588Z] [unzip] Entry: server/assets/ (compressed_size=0 bytes, uncompressed_size=0 bytes)
[debug] [2024-09-24T10:34:18.588Z] [unzip] Processing entry: server\assets\
[debug] [2024-09-24T10:34:18.588Z] [unzip] mkdir: C:\Users\halas\.cache\firebase\emulators\ui-v1.13.0\server\assets\
[debug] [2024-09-24T10:34:18.588Z] [unzip] Entry: server/assets/multipart-parser-DGCUZdXu.mjs.map (compressed_size=4791 bytes, uncompressed_size=17918 bytes)
[debug] [2024-09-24T10:34:18.588Z] [unzip] Processing entry: server\assets\multipart-parser-DGCUZdXu.mjs.map
[debug] [2024-09-24T10:34:18.588Z] [unzip] else mkdir: C:\Users\halas\.cache\firebase\emulators\ui-v1.13.0\server\assets
[debug] [2024-09-24T10:34:18.589Z] [unzip] deflating: C:\Users\halas\.cache\firebase\emulators\ui-v1.13.0\server\assets\multipart-parser-DGCUZdXu.mjs.map
[debug] [2024-09-24T10:34:18.590Z] [unzip] Entry: server/assets/multipart-parser-DGCUZdXu.mjs (compressed_size=2621 bytes, uncompressed_size=10390 bytes)
[debug] [2024-09-24T10:34:18.590Z] [unzip] Processing entry: server\assets\multipart-parser-DGCUZdXu.mjs
[debug] [2024-09-24T10:34:18.590Z] [unzip] else mkdir: C:\Users\halas\.cache\firebase\emulators\ui-v1.13.0\server\assets
[debug] [2024-09-24T10:34:18.590Z] [unzip] deflating: C:\Users\halas\.cache\firebase\emulators\ui-v1.13.0\server\assets\multipart-parser-DGCUZdXu.mjs
[debug] [2024-09-24T10:34:18.592Z] Ignoring unsupported arg: auto_download {"metadata":{"emulator":{"name":"ui"},"message":"Ignoring unsupported arg: auto_download"}}
[debug] [2024-09-24T10:34:18.592Z] Ignoring unsupported arg: port {"metadata":{"emulator":{"name":"ui"},"message":"Ignoring unsupported arg: port"}}
[debug] [2024-09-24T10:34:18.593Z] Starting Emulator UI with command {"binary":"node","args":["C:\\Users\\halas\\.cache\\firebase\\emulators\\ui-v1.13.0\\server\\server.mjs"],"optionalArgs":[],"joinArgs":false,"shell":false} {"metadata":{"emulator":{"name":"ui"},"message":"Starting Emulator UI with command {\"binary\":\"node\",\"args\":[\"C:\\\\Users\\\\halas\\\\.cache\\\\firebase\\\\emulators\\\\ui-v1.13.0\\\\server\\\\server.mjs\"],\"optionalArgs\":[],\"joinArgs\":false,\"shell\":false}"}}
[info] i  ui: Emulator UI logging to ui-debug.log {"metadata":{"emulator":{"name":"ui"},"message":"Emulator UI logging to \u001b[1mui-debug.log\u001b[22m"}}
[debug] [2024-09-24T10:34:18.907Z] Web / API server started at 127.0.0.1:4000
 {"metadata":{"emulator":{"name":"ui"},"message":"Web / API server started at 127.0.0.1:4000\n"}}
[debug] [2024-09-24T10:34:18.907Z] Web / API server started at ::1:4000
 {"metadata":{"emulator":{"name":"ui"},"message":"Web / API server started at ::1:4000\n"}}
[info] i  functions: Watching "C:\Users\halas\amazone-clone\functions" for Cloud Functions... {"metadata":{"emulator":{"name":"functions"},"message":"Watching \"C:\\Users\\halas\\amazone-clone\\functions\" for Cloud Functions..."}}
[debug] [2024-09-24T10:34:19.026Z] Validating nodejs source
[warn] !  functions: package.json indicates an outdated version of firebase-functions. Please upgrade using npm install --save firebase-functions@latest in your functions directory. 
[warn] !  functions: Please note that there will be breaking changes when you upgrade. 
[debug] [2024-09-24T10:34:22.229Z] > [functions] package.json contents: {
  "name": "functions",
  "description": "Cloud Functions for Firebase",
  "scripts": {
    "serve": "firebase emulators:start --only functions",
    "shell": "firebase functions:shell",
    "start": "npm run shell",
    "deploy": "firebase deploy --only functions",
    "logs": "firebase functions:log"
  },
  "engines": {
    "node": "18"
  },
  "main": "index.js",
  "dependencies": {
    "cors": "^2.8.5",
    "express": "^4.21.0",
    "firebase-admin": "^12.1.0",
    "firebase-functions": "^5.0.0",
    "stripe": "^16.12.0"
  },
  "devDependencies": {
    "firebase-functions-test": "^3.1.0"
  },
  "private": true
}
[debug] [2024-09-24T10:34:22.229Z] Building nodejs source
[debug] [2024-09-24T10:34:22.230Z] Failed to find version of module node: reached end of search path C:\Users\halas\amazone-clone\functions\node_modules
[warn] !  functions: Your requested "node" version "18" doesn't match your global version "20". Using node@20 from host. 
[debug] [2024-09-24T10:34:22.234Z] Could not find functions.yaml. Must use http discovery
[debug] [2024-09-24T10:34:22.241Z] Found firebase-functions binary at 'C:\Users\halas\amazone-clone\functions\node_modules\.bin\firebase-functions'
[info] Serving at port 8034

[error] !!  functions: Failed to load function definition from source: FirebaseError: User code failed to load. Cannot determine backend specification {"metadata":{"emulator":{"name":"functions"},"message":"Failed to load function definition from source: FirebaseError: User code failed to load. Cannot determine backend specification"}}
[info] 
┌─────────────────────────────────────────────────────────────┐
│ ✔  All emulators ready! It is now safe to connect your app. │
│ i  View Emulator UI at http://127.0.0.1:4000/               │
└─────────────────────────────────────────────────────────────┘

┌───────────┬────────────────┬─────────────────────────────────┐
│ Emulator  │ Host:Port      │ View in Emulator UI             │
├───────────┼────────────────┼─────────────────────────────────┤
│ Functions │ 127.0.0.1:5001 │ http://127.0.0.1:4000/functions │
└───────────┴────────────────┴─────────────────────────────────┘
  Emulator Hub running at 127.0.0.1:4400
  Other reserved ports: 4500

Issues? Report them at https://github.com/firebase/firebase-tools/issues and attach the *-debug.log files.
 
[debug] [2024-09-24T10:39:04.117Z] File C:\Users\halas\amazone-clone\functions\index.js changed, reloading triggers {"metadata":{"emulator":{"name":"functions"},"message":"File C:\\Users\\halas\\amazone-clone\\functions\\index.js changed, reloading triggers"}}
[debug] [2024-09-24T10:39:05.122Z] Validating nodejs source
[warn] !  functions: package.json indicates an outdated version of firebase-functions. Please upgrade using npm install --save firebase-functions@latest in your functions directory. 
[warn] !  functions: Please note that there will be breaking changes when you upgrade. 
[debug] [2024-09-24T10:39:08.142Z] > [functions] package.json contents: {
  "name": "functions",
  "description": "Cloud Functions for Firebase",
  "scripts": {
    "serve": "firebase emulators:start --only functions",
    "shell": "firebase functions:shell",
    "start": "npm run shell",
    "deploy": "firebase deploy --only functions",
    "logs": "firebase functions:log"
  },
  "engines": {
    "node": "18"
  },
  "main": "index.js",
  "dependencies": {
    "cors": "^2.8.5",
    "express": "^4.21.0",
    "firebase-admin": "^12.1.0",
    "firebase-functions": "^5.0.0",
    "stripe": "^16.12.0"
  },
  "devDependencies": {
    "firebase-functions-test": "^3.1.0"
  },
  "private": true
}
[debug] [2024-09-24T10:39:08.142Z] Building nodejs source
[debug] [2024-09-24T10:39:08.143Z] Failed to find version of module node: reached end of search path C:\Users\halas\amazone-clone\functions\node_modules
[warn] !  functions: Your requested "node" version "18" doesn't match your global version "20". Using node@20 from host. 
[debug] [2024-09-24T10:39:08.145Z] Could not find functions.yaml. Must use http discovery
[debug] [2024-09-24T10:39:08.155Z] Found firebase-functions binary at 'C:\Users\halas\amazone-clone\functions\node_modules\.bin\firebase-functions'
[info] Serving at port 8235

[debug] [2024-09-24T10:39:08.934Z] Got response from /__/functions.yaml {"endpoints":{"api":{"platform":"gcfv1","availableMemoryMb":null,"timeoutSeconds":null,"minInstances":null,"maxInstances":null,"ingressSettings":null,"serviceAccountEmail":null,"vpc":null,"httpsTrigger":{},"entryPoint":"api"}},"specVersion":"v1alpha1","requiredAPIs":[],"extensions":{}}
[info] +  functions: Loaded functions definitions from source: api. {"metadata":{"emulator":{"name":"functions"},"message":"Loaded functions definitions from source: api."}}
[info] +  functions[us-central1-api]: http function initialized (http://127.0.0.1:5001/e-clone-a3e0f/us-central1/api). {"metadata":{"emulator":{"name":"functions"},"message":"\u001b[1mhttp\u001b[22m function initialized (http://127.0.0.1:5001/e-clone-a3e0f/us-central1/api)."}}
[debug] [2024-10-24T08:23:47.370Z] ----------------------------------------------------------------------
[debug] [2024-10-24T08:23:47.372Z] Command:       C:\Program Files\nodejs\node.exe C:\Program Files\nodejs\node_modules\firebase-tools\lib\bin\firebase.js emulators:start --only functions
[debug] [2024-10-24T08:23:47.373Z] CLI Version:   13.19.0
[debug] [2024-10-24T08:23:47.373Z] Platform:      win32
[debug] [2024-10-24T08:23:47.373Z] Node Version:  v20.0.0
[debug] [2024-10-24T08:23:47.373Z] Time:          Thu Oct 24 2024 11:23:47 GMT+0300 (Eastern European Summer Time)
[debug] [2024-10-24T08:23:47.373Z] ----------------------------------------------------------------------
[debug] 
[debug] [2024-10-24T08:23:47.385Z] >>> [apiv2][query] GET https://firebase-public.firebaseio.com/cli.json [none]
[debug] [2024-10-24T08:23:47.507Z] > command requires scopes: ["email","openid","https://www.googleapis.com/auth/cloudplatformprojects.readonly","https://www.googleapis.com/auth/firebase","https://www.googleapis.com/auth/cloud-platform"]
[debug] [2024-10-24T08:23:47.507Z] > authorizing via signed-in user (hala.salah1232@gmail.com)
[info] i  emulators: Starting emulators: functions {"metadata":{"emulator":{"name":"hub"},"message":"Starting emulators: functions"}}
[debug] [2024-10-24T08:23:47.516Z] [logging] Logging Emulator only supports listening on one address (127.0.0.1). Not listening on ::1
[debug] [2024-10-24T08:23:47.516Z] assigned listening specs for emulators {"user":{"hub":[{"address":"127.0.0.1","family":"IPv4","port":4400},{"address":"::1","family":"IPv6","port":4400}],"ui":[{"address":"127.0.0.1","family":"IPv4","port":4000},{"address":"::1","family":"IPv6","port":4000}],"logging":[{"address":"127.0.0.1","family":"IPv4","port":4500}]},"metadata":{"message":"assigned listening specs for emulators"}}
[debug] [2024-10-24T08:23:47.520Z] [hub] writing locator at C:\Users\halas\AppData\Local\Temp\hub-e-clone-a3e0f.json
[debug] [2024-10-24T08:23:47.532Z] [functions] Functions Emulator only supports listening on one address (127.0.0.1). Not listening on ::1
[debug] [2024-10-24T08:23:47.533Z] [eventarc] Eventarc Emulator only supports listening on one address (127.0.0.1). Not listening on ::1
[debug] [2024-10-24T08:23:47.533Z] [tasks] Cloud Tasks Emulator only supports listening on one address (127.0.0.1). Not listening on ::1
[debug] [2024-10-24T08:23:47.533Z] late-assigned ports for functions and eventarc emulators {"user":{"hub":[{"address":"127.0.0.1","family":"IPv4","port":4400},{"address":"::1","family":"IPv6","port":4400}],"ui":[{"address":"127.0.0.1","family":"IPv4","port":4000},{"address":"::1","family":"IPv6","port":4000}],"logging":[{"address":"127.0.0.1","family":"IPv4","port":4500}],"functions":[{"address":"127.0.0.1","family":"IPv4","port":5001}],"eventarc":[{"address":"127.0.0.1","family":"IPv4","port":9299}],"tasks":[{"address":"127.0.0.1","family":"IPv4","port":9499}]},"metadata":{"message":"late-assigned ports for functions and eventarc emulators"}}
[warn] !  functions: The following emulators are not running, calls to these services from the Functions emulator will affect production: auth, firestore, database, hosting, pubsub, storage, dataconnect {"metadata":{"emulator":{"name":"functions"},"message":"The following emulators are not running, calls to these services from the Functions emulator will affect production: \u001b[1mauth, firestore, database, hosting, pubsub, storage, dataconnect\u001b[22m"}}
[debug] [2024-10-24T08:23:47.536Z] defaultcredentials: writing to file C:\Users\halas\AppData\Roaming\firebase\hala_salah1232_gmail.com_application_default_credentials.json
[debug] [2024-10-24T08:23:47.538Z] Setting GAC to C:\Users\halas\AppData\Roaming\firebase\hala_salah1232_gmail.com_application_default_credentials.json {"metadata":{"emulator":{"name":"functions"},"message":"Setting GAC to C:\\Users\\halas\\AppData\\Roaming\\firebase\\hala_salah1232_gmail.com_application_default_credentials.json"}}
[debug] [2024-10-24T08:23:47.539Z] > refreshing access token with scopes: []
[debug] [2024-10-24T08:23:47.540Z] >>> [apiv2][query] POST https://www.googleapis.com/oauth2/v3/token [none]
[debug] [2024-10-24T08:23:47.540Z] >>> [apiv2][body] POST https://www.googleapis.com/oauth2/v3/token [omitted]
[debug] [2024-10-24T08:23:48.709Z] <<< [apiv2][status] POST https://www.googleapis.com/oauth2/v3/token 200
[debug] [2024-10-24T08:23:48.709Z] <<< [apiv2][body] POST https://www.googleapis.com/oauth2/v3/token [omitted]
[debug] [2024-10-24T08:23:48.728Z] >>> [apiv2][query] GET https://firebase.googleapis.com/v1beta1/projects/e-clone-a3e0f/adminSdkConfig [none]
[debug] [2024-10-24T08:23:48.948Z] <<< [apiv2][status] GET https://firebase-public.firebaseio.com/cli.json 200
[debug] [2024-10-24T08:23:48.948Z] <<< [apiv2][body] GET https://firebase-public.firebaseio.com/cli.json {"cloudBuildErrorAfter":1594252800000,"cloudBuildWarnAfter":1590019200000,"defaultNode10After":1594252800000,"minVersion":"3.0.5","node8DeploysDisabledAfter":1613390400000,"node8RuntimeDisabledAfter":1615809600000,"node8WarnAfter":1600128000000}
[debug] [2024-10-24T08:23:49.123Z] <<< [apiv2][status] GET https://firebase.googleapis.com/v1beta1/projects/e-clone-a3e0f/adminSdkConfig 200
[debug] [2024-10-24T08:23:49.123Z] <<< [apiv2][body] GET https://firebase.googleapis.com/v1beta1/projects/e-clone-a3e0f/adminSdkConfig {"projectId":"e-clone-a3e0f","storageBucket":"e-clone-a3e0f.appspot.com"}
[debug] [2024-10-24T08:23:49.141Z] Ignoring unsupported arg: auto_download {"metadata":{"emulator":{"name":"ui"},"message":"Ignoring unsupported arg: auto_download"}}
[debug] [2024-10-24T08:23:49.141Z] Ignoring unsupported arg: port {"metadata":{"emulator":{"name":"ui"},"message":"Ignoring unsupported arg: port"}}
[debug] [2024-10-24T08:23:49.141Z] Starting Emulator UI with command {"binary":"node","args":["C:\\Users\\halas\\.cache\\firebase\\emulators\\ui-v1.13.0\\server\\server.mjs"],"optionalArgs":[],"joinArgs":false,"shell":false} {"metadata":{"emulator":{"name":"ui"},"message":"Starting Emulator UI with command {\"binary\":\"node\",\"args\":[\"C:\\\\Users\\\\halas\\\\.cache\\\\firebase\\\\emulators\\\\ui-v1.13.0\\\\server\\\\server.mjs\"],\"optionalArgs\":[],\"joinArgs\":false,\"shell\":false}"}}
[info] i  ui: Emulator UI logging to ui-debug.log {"metadata":{"emulator":{"name":"ui"},"message":"Emulator UI logging to \u001b[1mui-debug.log\u001b[22m"}}
[debug] [2024-10-24T08:23:49.402Z] Web / API server started at 127.0.0.1:4000
 {"metadata":{"emulator":{"name":"ui"},"message":"Web / API server started at 127.0.0.1:4000\n"}}
[debug] [2024-10-24T08:23:49.402Z] Web / API server started at ::1:4000
 {"metadata":{"emulator":{"name":"ui"},"message":"Web / API server started at ::1:4000\n"}}
[info] i  functions: Watching "C:\Users\halas\amazone-clone\functions" for Cloud Functions... {"metadata":{"emulator":{"name":"functions"},"message":"Watching \"C:\\Users\\halas\\amazone-clone\\functions\" for Cloud Functions..."}}
[debug] [2024-10-24T08:23:49.577Z] Validating nodejs source
[warn] !  functions: package.json indicates an outdated version of firebase-functions. Please upgrade using npm install --save firebase-functions@latest in your functions directory. 
[warn] !  functions: Please note that there will be breaking changes when you upgrade. 
[debug] [2024-10-24T08:23:51.044Z] > [functions] package.json contents: {
  "name": "functions",
  "description": "Cloud Functions for Firebase",
  "scripts": {
    "serve": "firebase emulators:start --only functions",
    "shell": "firebase functions:shell",
    "start": "npm run shell",
    "deploy": "firebase deploy --only functions",
    "logs": "firebase functions:log"
  },
  "engines": {
    "node": "18"
  },
  "main": "index.js",
  "dependencies": {
    "cors": "^2.8.5",
    "express": "^4.21.0",
    "firebase-admin": "^12.1.0",
    "firebase-functions": "^5.0.0",
    "stripe": "^16.12.0"
  },
  "devDependencies": {
    "firebase-functions-test": "^3.1.0"
  },
  "private": true
}
[debug] [2024-10-24T08:23:51.045Z] Building nodejs source
[debug] [2024-10-24T08:23:51.045Z] Failed to find version of module node: reached end of search path C:\Users\halas\amazone-clone\functions\node_modules
[warn] !  functions: Your requested "node" version "18" doesn't match your global version "20". Using node@20 from host. 
[debug] [2024-10-24T08:23:51.047Z] Could not find functions.yaml. Must use http discovery
[debug] [2024-10-24T08:23:51.052Z] Found firebase-functions binary at 'C:\Users\halas\amazone-clone\functions\node_modules\.bin\firebase-functions'
[info] Serving at port 8733

[debug] [2024-10-24T08:23:58.176Z] Got response from /__/functions.yaml {"endpoints":{"api":{"platform":"gcfv1","availableMemoryMb":null,"timeoutSeconds":null,"minInstances":null,"maxInstances":null,"ingressSettings":null,"serviceAccountEmail":null,"vpc":null,"httpsTrigger":{},"entryPoint":"api"}},"specVersion":"v1alpha1","requiredAPIs":[],"extensions":{}}
[info] +  functions: Loaded functions definitions from source: api. {"metadata":{"emulator":{"name":"functions"},"message":"Loaded functions definitions from source: api."}}
[info] +  functions[us-central1-api]: http function initialized (http://127.0.0.1:5001/e-clone-a3e0f/us-central1/api). {"metadata":{"emulator":{"name":"functions"},"message":"\u001b[1mhttp\u001b[22m function initialized (http://127.0.0.1:5001/e-clone-a3e0f/us-central1/api)."}}
[info] 
┌─────────────────────────────────────────────────────────────┐
│ ✔  All emulators ready! It is now safe to connect your app. │
│ i  View Emulator UI at http://127.0.0.1:4000/               │
└─────────────────────────────────────────────────────────────┘

┌───────────┬────────────────┬─────────────────────────────────┐
│ Emulator  │ Host:Port      │ View in Emulator UI             │
├───────────┼────────────────┼─────────────────────────────────┤
│ Functions │ 127.0.0.1:5001 │ http://127.0.0.1:4000/functions │
└───────────┴────────────────┴─────────────────────────────────┘
  Emulator Hub running at 127.0.0.1:4400
  Other reserved ports: 4500

Issues? Report them at https://github.com/firebase/firebase-tools/issues and attach the *-debug.log files.
 
[debug] [2024-10-24T12:03:18.668Z] Received signal SIGHUP 1
